Using pre-set license
Built from '2020.3/staging' branch; Version is '2020.3.10f1 (297d780c91bc) revision 2719096'; Using compiler version '192528614'; Build Type 'Release'
OS: 'Windows 10 Pro; OS build 19041.572; Version 2004; 64bit' Language: 'tr' Physical Memory: 16338 MB
BatchMode: 1, IsHumanControllingUs: 0, StartBugReporterOnCrash: 0, Is64bit: 1, IsPro: 0

 COMMAND LINE ARGUMENTS:
C:\Program Files\Unity\Hub\Editor\2020.3.10f1\Editor\Unity.exe
-adb2
-batchMode
-noUpm
-name
AssetImportWorker0
-projectPath
C:/Users/GameR/Unity Workspace/Poly-Runner/Poly Runner
-logFile
Logs/AssetImportWorker0.log
-srvPort
58261
Successfully changed project path to: C:/Users/GameR/Unity Workspace/Poly-Runner/Poly Runner
C:/Users/GameR/Unity Workspace/Poly-Runner/Poly Runner
Using Asset Import Pipeline V2.
Refreshing native plugins compatible for Editor in 159.98 ms, found 5 plugins.
Preloading 0 native plugins for Editor in 0.00 ms.
Initialize engine version: 2020.3.10f1 (297d780c91bc)
[Subsystems] Discovering subsystems at path C:/Program Files/Unity/Hub/Editor/2020.3.10f1/Editor/Data/Resources/UnitySubsystems
[Subsystems] Discovering subsystems at path C:/Users/GameR/Unity Workspace/Poly-Runner/Poly Runner/Assets
GfxDevice: creating device client; threaded=0
Direct3D:
    Version:  Direct3D 11.0 [level 11.1]
    Renderer: Radeon (TM) RX 470 Graphics (ID=0x67df)
    Vendor:   
    VRAM:     4075 MB
    Driver:   27.20.15003.5017
Shader 'Universal Render Pipeline/Particles/Lit': fallback shader 'Universal Render Pipeline/Particles/SimpleLit' not found
Initialize mono
Mono path[0] = 'C:/Program Files/Unity/Hub/Editor/2020.3.10f1/Editor/Data/Managed'
Mono path[1] = 'C:/Program Files/Unity/Hub/Editor/2020.3.10f1/Editor/Data/MonoBleedingEdge/lib/mono/unityjit'
Mono config path = 'C:/Program Files/Unity/Hub/Editor/2020.3.10f1/Editor/Data/MonoBleedingEdge/etc'
Using monoOptions --debugger-agent=transport=dt_socket,embedding=1,server=y,suspend=n,address=127.0.0.1:56184
Begin MonoManager ReloadAssembly
Registering precompiled unity dll's ...
Register platform support module: C:/Program Files/Unity/Hub/Editor/2020.3.10f1/Editor/Data/PlaybackEngines/WindowsStandaloneSupport/UnityEditor.WindowsStandalone.Extensions.dll
Registered in 0.002256 seconds.
Native extension for WindowsStandalone target not found
Refreshing native plugins compatible for Editor in 151.49 ms, found 5 plugins.
Preloading 0 native plugins for Editor in 0.00 ms.
Mono: successfully reloaded assembly
- Completed reload, in  2.140 seconds
Platform modules already initialized, skipping
Registering precompiled user dll's ...
Registered in 0.006925 seconds.
Begin MonoManager ReloadAssembly
Native extension for WindowsStandalone target not found
Refreshing native plugins compatible for Editor in 156.92 ms, found 5 plugins.
Preloading 0 native plugins for Editor in 0.00 ms.
Mono: successfully reloaded assembly
- Completed reload, in  1.671 seconds
Platform modules already initialized, skipping
========================================================================
Worker process is ready to serve import requests
Shader 'Universal Render Pipeline/Particles/Lit': fallback shader 'Universal Render Pipeline/Particles/SimpleLit' not found
Launched and connected shader compiler UnityShaderCompiler.exe after 0.04 seconds
Refreshing native plugins compatible for Editor in 1.41 ms, found 5 plugins.
Preloading 0 native plugins for Editor in 0.00 ms.
Unloading 3821 Unused Serialized files (Serialized files now loaded: 0)
System memory in use before: 272.5 MB.
System memory in use after: 272.4 MB.

Unloading 127 unused Assets to reduce memory usage. Loaded Objects now: 4270.
Total: 3.779900 ms (FindLiveObjects: 0.352300 ms CreateObjectMapping: 0.100700 ms MarkObjects: 3.025500 ms  DeleteObjects: 0.299600 ms)

========================================================================
Received Import Request.
  path: Assets/EffectExamples/Weapon Effects/Materials/MetalSparks.mat
  artifactKey: Guid(d8002e76dc5e4904f90dc137b3f085ba) Importer(815301076,1909f56bfc062723c751e8b465ee728b)
Start importing Assets/EffectExamples/Weapon Effects/Materials/MetalSparks.mat using Guid(d8002e76dc5e4904f90dc137b3f085ba) Importer(815301076,1909f56bfc062723c751e8b465ee728b)  -> (artifact id: '299d3a7fb573f121b8b57c41aa281e3f') in 0.363214 seconds
  Import took 0.369839 seconds .

========================================================================
Received Import Request.
  Time since last request: 0.000302 seconds.
  path: Assets/EffectExamples/Fire & Explosion Effects/Materials/Lightning.mat
  artifactKey: Guid(0b1b6a2d22d96564f9037ae143ea84cf) Importer(815301076,1909f56bfc062723c751e8b465ee728b)
Start importing Assets/EffectExamples/Fire & Explosion Effects/Materials/Lightning.mat using Guid(0b1b6a2d22d96564f9037ae143ea84cf) Importer(815301076,1909f56bfc062723c751e8b465ee728b)  -> (artifact id: '88a8ebfa5bee10937e811ab2d204958f') in 0.188985 seconds
  Import took 0.195142 seconds .

========================================================================
Received Import Request.
  Time since last request: 0.000198 seconds.
  path: Assets/EffectExamples/Fire & Explosion Effects/Materials/MediumFlame03.mat
  artifactKey: Guid(6b187db0c2e012840b1199ccf0893b54) Importer(815301076,1909f56bfc062723c751e8b465ee728b)
Start importing Assets/EffectExamples/Fire & Explosion Effects/Materials/MediumFlame03.mat using Guid(6b187db0c2e012840b1199ccf0893b54) Importer(815301076,1909f56bfc062723c751e8b465ee728b)  -> (artifact id: 'd87aa0e5acfd900c06914223bac99fdc') in 0.406198 seconds
  Import took 0.413185 seconds .

========================================================================
Received Import Request.
  Time since last request: 0.000193 seconds.
  path: Assets/EffectExamples/Weapon Effects/Materials/MetalSurface.mat
  artifactKey: Guid(4f477167fc0be5e4dab9a125b37c42ad) Importer(815301076,1909f56bfc062723c751e8b465ee728b)
Start importing Assets/EffectExamples/Weapon Effects/Materials/MetalSurface.mat using Guid(4f477167fc0be5e4dab9a125b37c42ad) Importer(815301076,1909f56bfc062723c751e8b465ee728b)  -> (artifact id: '13687b6b6b8f8e2d9176b515aa6c4917') in 0.247008 seconds
  Import took 0.252700 seconds .

========================================================================
Received Import Request.
  Time since last request: 0.000223 seconds.
  path: Assets/EffectExamples/Fire & Explosion Effects/Materials/LightningTrail.mat
  artifactKey: Guid(123ac6dc79004e54b8b352a7e64acdca) Importer(815301076,1909f56bfc062723c751e8b465ee728b)
Start importing Assets/EffectExamples/Fire & Explosion Effects/Materials/LightningTrail.mat using Guid(123ac6dc79004e54b8b352a7e64acdca) Importer(815301076,1909f56bfc062723c751e8b465ee728b)  -> (artifact id: '9834c0ce3934054a090ff3737f4c7845') in 0.041766 seconds
  Import took 0.047451 seconds .

========================================================================
Received Import Request.
  Time since last request: 0.000214 seconds.
  path: Assets/EffectExamples/Weapon Effects/Materials/MuzzleFlash01.mat
  artifactKey: Guid(a8cb413d77ceb054abf10c2c6ee66337) Importer(815301076,1909f56bfc062723c751e8b465ee728b)
Start importing Assets/EffectExamples/Weapon Effects/Materials/MuzzleFlash01.mat using Guid(a8cb413d77ceb054abf10c2c6ee66337) Importer(815301076,1909f56bfc062723c751e8b465ee728b)  -> (artifact id: '48def3a720c7658457742df29f272d28') in 0.160338 seconds
  Import took 0.166260 seconds .

========================================================================
Received Import Request.
  Time since last request: 0.000202 seconds.
  path: Assets/EffectExamples/Fire & Explosion Effects/Materials/MediumFlame02.mat
  artifactKey: Guid(aa233f4c021449540865a6be1af7b157) Importer(815301076,1909f56bfc062723c751e8b465ee728b)
Start importing Assets/EffectExamples/Fire & Explosion Effects/Materials/MediumFlame02.mat using Guid(aa233f4c021449540865a6be1af7b157) Importer(815301076,1909f56bfc062723c751e8b465ee728b)  -> (artifact id: '3ab31aa5ccb774200f48812e275eedaa') in 0.347911 seconds
  Import took 0.353466 seconds .

========================================================================
Received Import Request.
  Time since last request: 71.448090 seconds.
  path: Assets/EffectExamples/Fire & Explosion Effects/Materials/SmokeDark.mat
  artifactKey: Guid(698a8134f4ebbbd4e848648685f68067) Importer(815301076,1909f56bfc062723c751e8b465ee728b)
Start importing Assets/EffectExamples/Fire & Explosion Effects/Materials/SmokeDark.mat using Guid(698a8134f4ebbbd4e848648685f68067) Importer(815301076,1909f56bfc062723c751e8b465ee728b)  -> (artifact id: '15305393417abf5de3639ce2d43466fc') in 0.668312 seconds
  Import took 0.674357 seconds .

========================================================================
Received Import Request.
  Time since last request: 0.000257 seconds.
  path: Assets/Addons/polyperfect/Low Poly Ultimate Pack/- Materials/Animals/Snake.mat
  artifactKey: Guid(f77ee61b68c6fe6409e5d650000f0810) Importer(815301076,1909f56bfc062723c751e8b465ee728b)
Start importing Assets/Addons/polyperfect/Low Poly Ultimate Pack/- Materials/Animals/Snake.mat using Guid(f77ee61b68c6fe6409e5d650000f0810) Importer(815301076,1909f56bfc062723c751e8b465ee728b)  -> (artifact id: '53f8b1377c20ee1bf27d0b980410c860') in 0.103921 seconds
  Import took 0.109785 seconds .

========================================================================
Received Import Request.
  Time since last request: 0.000213 seconds.
  path: Assets/Addons/polyperfect/Low Poly Ultimate Pack/- Materials/Animals/Spider_Green.mat
  artifactKey: Guid(23ab988664a86425c89c2fdcbb896e9f) Importer(815301076,1909f56bfc062723c751e8b465ee728b)
Start importing Assets/Addons/polyperfect/Low Poly Ultimate Pack/- Materials/Animals/Spider_Green.mat using Guid(23ab988664a86425c89c2fdcbb896e9f) Importer(815301076,1909f56bfc062723c751e8b465ee728b)  -> (artifact id: '1d84371b394ba4ec6831e3dbce360dfb') in 0.092128 seconds
  Import took 0.098412 seconds .

========================================================================
Received Import Request.
  Time since last request: 0.000207 seconds.
  path: Assets/EffectExamples/Misc Effects/Materials/Sparks.mat
  artifactKey: Guid(19a1e36bbcb5b4c429a5dfdc8fb914de) Importer(815301076,1909f56bfc062723c751e8b465ee728b)
Start importing Assets/EffectExamples/Misc Effects/Materials/Sparks.mat using Guid(19a1e36bbcb5b4c429a5dfdc8fb914de) Importer(815301076,1909f56bfc062723c751e8b465ee728b)  -> (artifact id: 'f95a986961d38e47061d348d22918432') in 0.245966 seconds
  Import took 0.251690 seconds .

========================================================================
Received Import Request.
  Time since last request: 0.000194 seconds.
  path: Assets/Addons/polyperfect/Low Poly Ultimate Pack/- Materials/Animals/StarFish.mat
  artifactKey: Guid(59701c1aef6e14bebad402f22f48311f) Importer(815301076,1909f56bfc062723c751e8b465ee728b)
Start importing Assets/Addons/polyperfect/Low Poly Ultimate Pack/- Materials/Animals/StarFish.mat using Guid(59701c1aef6e14bebad402f22f48311f) Importer(815301076,1909f56bfc062723c751e8b465ee728b)  -> (artifact id: 'ca33eb70ee82ceb9eff48f68923e9e41') in 0.091852 seconds
  Import took 0.097631 seconds .

========================================================================
Received Import Request.
  Time since last request: 0.000202 seconds.
  path: Assets/EffectExamples/Misc Effects/Materials/SmokePuff.mat
  artifactKey: Guid(5545993361f7ef8479dce19256c84f06) Importer(815301076,1909f56bfc062723c751e8b465ee728b)
Start importing Assets/EffectExamples/Misc Effects/Materials/SmokePuff.mat using Guid(5545993361f7ef8479dce19256c84f06) Importer(815301076,1909f56bfc062723c751e8b465ee728b)  -> (artifact id: '9bffe4a0b54a3a603c3b923af770280c') in 0.365513 seconds
  Import took 0.371380 seconds .

========================================================================
Received Import Request.
  Time since last request: 0.000220 seconds.
  path: Assets/EffectExamples/Smoke & Steam Effects/Materials/SmokeLight.mat
  artifactKey: Guid(f06455b167e1b0b428c9af62d7aa6832) Importer(815301076,1909f56bfc062723c751e8b465ee728b)
Start importing Assets/EffectExamples/Smoke & Steam Effects/Materials/SmokeLight.mat using Guid(f06455b167e1b0b428c9af62d7aa6832) Importer(815301076,1909f56bfc062723c751e8b465ee728b)  -> (artifact id: 'bb7043f0906aa573c4454e711141e6c8') in 1.067357 seconds
  Import took 1.073148 seconds .

========================================================================
Received Import Request.
  Time since last request: 0.000192 seconds.
  path: Assets/Addons/polyperfect/Low Poly Ultimate Pack/- Materials/Animals/Snake_Red.mat
  artifactKey: Guid(1c1a86719bb4a4cb1a4dde9d8d73d17b) Importer(815301076,1909f56bfc062723c751e8b465ee728b)
Start importing Assets/Addons/polyperfect/Low Poly Ultimate Pack/- Materials/Animals/Snake_Red.mat using Guid(1c1a86719bb4a4cb1a4dde9d8d73d17b) Importer(815301076,1909f56bfc062723c751e8b465ee728b)  -> (artifact id: '9aa716764bbf67e4a6bb9946f0c6e463') in 0.088858 seconds
  Import took 0.094834 seconds .

========================================================================
Received Import Request.
  Time since last request: 0.000222 seconds.
  path: Assets/EffectExamples/Water Effects/Materials/Splash02.mat
  artifactKey: Guid(e9f88b6d5b7b7f24c8b3dc6b70f06653) Importer(815301076,1909f56bfc062723c751e8b465ee728b)
Start importing Assets/EffectExamples/Water Effects/Materials/Splash02.mat using Guid(e9f88b6d5b7b7f24c8b3dc6b70f06653) Importer(815301076,1909f56bfc062723c751e8b465ee728b)  -> (artifact id: '24cbb551d2162bfd70b33007e3c9644b') in 0.955059 seconds
  Import took 0.961347 seconds .

========================================================================
Received Import Request.
  Time since last request: 0.000245 seconds.
  path: Assets/EffectExamples/Smoke & Steam Effects/Materials/SmokeySteam02.mat
  artifactKey: Guid(011bc24ee3a874d4cab24456f007e08e) Importer(815301076,1909f56bfc062723c751e8b465ee728b)
Start importing Assets/EffectExamples/Smoke & Steam Effects/Materials/SmokeySteam02.mat using Guid(011bc24ee3a874d4cab24456f007e08e) Importer(815301076,1909f56bfc062723c751e8b465ee728b)  -> (artifact id: '73b4d572c54ad0a8092744e846e53e1a') in 0.656542 seconds
  Import took 0.662687 seconds .

========================================================================
Received Import Request.
  Time since last request: 0.000191 seconds.
  path: Assets/EffectExamples/Weapon Effects/Materials/StoneSurface.mat
  artifactKey: Guid(3eb079016c4106b41bc3f19de570f770) Importer(815301076,1909f56bfc062723c751e8b465ee728b)
Start importing Assets/EffectExamples/Weapon Effects/Materials/StoneSurface.mat using Guid(3eb079016c4106b41bc3f19de570f770) Importer(815301076,1909f56bfc062723c751e8b465ee728b)  -> (artifact id: 'bb97072db72d5f92482316fd3a6fb6a6') in 0.510795 seconds
  Import took 0.516345 seconds .

========================================================================
Received Import Request.
  Time since last request: 0.000208 seconds.
  path: Assets/EffectExamples/Smoke & Steam Effects/Materials/SmokeySteam03.mat
  artifactKey: Guid(fd80cdb028e1d864392334da34ca021d) Importer(815301076,1909f56bfc062723c751e8b465ee728b)
Start importing Assets/EffectExamples/Smoke & Steam Effects/Materials/SmokeySteam03.mat using Guid(fd80cdb028e1d864392334da34ca021d) Importer(815301076,1909f56bfc062723c751e8b465ee728b)  -> (artifact id: '13c2430a909eb5bab72a2a032a81a331') in 0.573575 seconds
  Import took 0.579454 seconds .

========================================================================
Received Import Request.
  Time since last request: 0.000192 seconds.
  path: Assets/Addons/polyperfect/Low Poly Ultimate Pack/- Materials/Animals/Spider_Red.mat
  artifactKey: Guid(b36e9d7da9c18489989e9e7cbc3a9845) Importer(815301076,1909f56bfc062723c751e8b465ee728b)
Start importing Assets/Addons/polyperfect/Low Poly Ultimate Pack/- Materials/Animals/Spider_Red.mat using Guid(b36e9d7da9c18489989e9e7cbc3a9845) Importer(815301076,1909f56bfc062723c751e8b465ee728b)  -> (artifact id: '3036af82eb90ea28ed39e626c34c60bc') in 0.088835 seconds
  Import took 0.094331 seconds .

========================================================================
Received Import Request.
  Time since last request: 0.000192 seconds.
  path: Assets/Addons/polyperfect/Low Poly Ultimate Pack/- Materials/Animals/Spider.mat
  artifactKey: Guid(40083ee4c084f204a8ff7c5261493b97) Importer(815301076,1909f56bfc062723c751e8b465ee728b)
Start importing Assets/Addons/polyperfect/Low Poly Ultimate Pack/- Materials/Animals/Spider.mat using Guid(40083ee4c084f204a8ff7c5261493b97) Importer(815301076,1909f56bfc062723c751e8b465ee728b)  -> (artifact id: '2616e2cfc0ff8318892a18eedec512e9') in 0.092231 seconds
  Import took 0.097985 seconds .

========================================================================
Received Import Request.
  Time since last request: 33.864091 seconds.
  path: Assets/Materials/Snow Tire/TexturesCom_SnowTireMarks4_3x3_512_albedo.tif
  artifactKey: Guid(2af87c1185d0f6d46b745eadbf210399) Importer(815301076,1909f56bfc062723c751e8b465ee728b)
Start importing Assets/Materials/Snow Tire/TexturesCom_SnowTireMarks4_3x3_512_albedo.tif using Guid(2af87c1185d0f6d46b745eadbf210399) Importer(815301076,1909f56bfc062723c751e8b465ee728b)  -> (artifact id: '1d0fbf52d65de48affa34245dff0387a') in 0.036293 seconds
  Import took 0.042393 seconds .

========================================================================
Received Import Request.
  Time since last request: 0.000264 seconds.
  path: Assets/Materials/Snow Tire/TexturesCom_SnowTireMarks4_3x3_512_ao.tif
  artifactKey: Guid(c840fb315f6f33841a6de30269fadba8) Importer(815301076,1909f56bfc062723c751e8b465ee728b)
Start importing Assets/Materials/Snow Tire/TexturesCom_SnowTireMarks4_3x3_512_ao.tif using Guid(c840fb315f6f33841a6de30269fadba8) Importer(815301076,1909f56bfc062723c751e8b465ee728b)  -> (artifact id: '7674b23f7a6063c563ac9bf439d35443') in 0.030969 seconds
  Import took 0.037043 seconds .

========================================================================
Received Import Request.
  Time since last request: 0.000230 seconds.
  path: Assets/Materials/Snow Tire/TexturesCom_SnowTireMarks4_3x3_512_normal.tif
  artifactKey: Guid(a5b236937beac02428c8f773d3d04149) Importer(815301076,1909f56bfc062723c751e8b465ee728b)
Start importing Assets/Materials/Snow Tire/TexturesCom_SnowTireMarks4_3x3_512_normal.tif using Guid(a5b236937beac02428c8f773d3d04149) Importer(815301076,1909f56bfc062723c751e8b465ee728b)  -> (artifact id: 'e080abb2788cc8254fc67cc9f17b1157') in 0.027574 seconds
  Import took 0.033222 seconds .

========================================================================
Received Import Request.
  Time since last request: 0.000213 seconds.
  path: Assets/Materials/Snow Tire/TexturesCom_SnowTireMarks4_3x3_512_albedo.tif
  artifactKey: Guid(2af87c1185d0f6d46b745eadbf210399) Importer(815301076,1909f56bfc062723c751e8b465ee728b)
Start importing Assets/Materials/Snow Tire/TexturesCom_SnowTireMarks4_3x3_512_albedo.tif using Guid(2af87c1185d0f6d46b745eadbf210399) Importer(815301076,1909f56bfc062723c751e8b465ee728b)  -> (artifact id: '1d0fbf52d65de48affa34245dff0387a') in 0.027260 seconds
  Import took 0.033011 seconds .

========================================================================
Received Import Request.
  Time since last request: 0.000234 seconds.
  path: Assets/Materials/Snow Tire/TexturesCom_SnowTireMarks4_3x3_512_height.tif
  artifactKey: Guid(05f043cbe6523d04abb01627a8c3a9bc) Importer(815301076,1909f56bfc062723c751e8b465ee728b)
Start importing Assets/Materials/Snow Tire/TexturesCom_SnowTireMarks4_3x3_512_height.tif using Guid(05f043cbe6523d04abb01627a8c3a9bc) Importer(815301076,1909f56bfc062723c751e8b465ee728b)  -> (artifact id: '575edc3d7f6de4f2623d34f7a8feead4') in 0.026731 seconds
  Import took 0.032314 seconds .

========================================================================
Received Import Request.
  Time since last request: 0.000232 seconds.
  path: Assets/Materials/Snow Tire/TexturesCom_SnowTireMarks4_3x3_512_roughness.tif
  artifactKey: Guid(a9dc06cd509a078488253f049fbef93a) Importer(815301076,1909f56bfc062723c751e8b465ee728b)
Start importing Assets/Materials/Snow Tire/TexturesCom_SnowTireMarks4_3x3_512_roughness.tif using Guid(a9dc06cd509a078488253f049fbef93a) Importer(815301076,1909f56bfc062723c751e8b465ee728b)  -> (artifact id: 'b092760e0e00005a632d6c5ef1614b1a') in 0.026765 seconds
  Import took 0.032660 seconds .

========================================================================
Received Import Request.
  Time since last request: 0.004959 seconds.
  path: Assets/Materials/Snow Tire/TexturesCom_SnowTireMarks4_3x3_512_roughness.tif
  artifactKey: Guid(a9dc06cd509a078488253f049fbef93a) Importer(815301076,1909f56bfc062723c751e8b465ee728b)
Start importing Assets/Materials/Snow Tire/TexturesCom_SnowTireMarks4_3x3_512_roughness.tif using Guid(a9dc06cd509a078488253f049fbef93a) Importer(815301076,1909f56bfc062723c751e8b465ee728b)  -> (artifact id: 'b092760e0e00005a632d6c5ef1614b1a') in 0.025881 seconds
  Import took 0.031926 seconds .

========================================================================
Received Import Request.
  Time since last request: 847.016422 seconds.
  path: Assets/Scripts/Obstacles/SeagulAttacker.cs
  artifactKey: Guid(0fd97976090645a4bb2dacec31ba96e1) Importer(815301076,1909f56bfc062723c751e8b465ee728b)
Start importing Assets/Scripts/Obstacles/SeagulAttacker.cs using Guid(0fd97976090645a4bb2dacec31ba96e1) Importer(815301076,1909f56bfc062723c751e8b465ee728b)  -> (artifact id: '86e16dc6ff7ffea985069209d74549e6') in 0.005925 seconds
  Import took 0.012238 seconds .

========================================================================
Received Import Request.
  Time since last request: 45.394906 seconds.
  path: Assets/Scripts/Obstacles/SnowballRolling.cs
  artifactKey: Guid(e0e641b3a170f6043a0fb7dcd43579da) Importer(815301076,1909f56bfc062723c751e8b465ee728b)
Start importing Assets/Scripts/Obstacles/SnowballRolling.cs using Guid(e0e641b3a170f6043a0fb7dcd43579da) Importer(815301076,1909f56bfc062723c751e8b465ee728b)  -> (artifact id: '52faf42509499586a94e014433d922c9') in 0.003148 seconds
  Import took 0.011156 seconds .

========================================================================
Received Import Request.
  Time since last request: 62.953339 seconds.
  path: Assets/Scripts/Obstacles/SnowballRolling.cs
  artifactKey: Guid(e0e641b3a170f6043a0fb7dcd43579da) Importer(815301076,1909f56bfc062723c751e8b465ee728b)
Start importing Assets/Scripts/Obstacles/SnowballRolling.cs using Guid(e0e641b3a170f6043a0fb7dcd43579da) Importer(815301076,1909f56bfc062723c751e8b465ee728b)  -> (artifact id: '67dc5c0fb04bf7d9598d9738c01e80af') in 0.002073 seconds
  Import took 0.008367 seconds .

========================================================================
Received Import Request.
  Time since last request: 0.001612 seconds.
  path: Assets/Scripts/Obstacles/SnowballRolling.cs
  artifactKey: Guid(e0e641b3a170f6043a0fb7dcd43579da) Importer(815301076,1909f56bfc062723c751e8b465ee728b)
Start importing Assets/Scripts/Obstacles/SnowballRolling.cs using Guid(e0e641b3a170f6043a0fb7dcd43579da) Importer(815301076,1909f56bfc062723c751e8b465ee728b)  -> (artifact id: '67dc5c0fb04bf7d9598d9738c01e80af') in 0.002107 seconds
  Import took 0.007935 seconds .

========================================================================
Received Prepare
Registering precompiled user dll's ...
Registered in 0.006604 seconds.
Begin MonoManager ReloadAssembly
Native extension for WindowsStandalone target not found
Refreshing native plugins compatible for Editor in 1.43 ms, found 5 plugins.
Preloading 0 native plugins for Editor in 0.00 ms.
Warning: Annotation not found!
UnityEngine.StackTraceUtility:ExtractStackTrace ()
UnityEditor.ProBuilder.EditorUtility:SetGizmoIconEnabled (System.Type,bool) (at Library/PackageCache/com.unity.probuilder@4.5.0/Editor/EditorCore/EditorUtility.cs:593)
UnityEditor.ProBuilder.HierarchyListener:.cctor () (at Library/PackageCache/com.unity.probuilder@4.5.0/Editor/EditorCore/HierarchyListener.cs:21)
System.Runtime.CompilerServices.RuntimeHelpers:RunClassConstructor (System.RuntimeTypeHandle)
UnityEditor.EditorAssemblies:ProcessInitializeOnLoadAttributes (System.Type[])

[Library/PackageCache/com.unity.probuilder@4.5.0/Editor/EditorCore/EditorUtility.cs line 593]

Mono: successfully reloaded assembly
- Completed reload, in  1.360 seconds
Platform modules already initialized, skipping
Switching build target platform(19) subTarget(0) extendedPlatform(0) -> platform(9) subTarget(16777218) extendedPlatform(0)
Shader 'Universal Render Pipeline/Particles/Lit': fallback shader 'Universal Render Pipeline/Particles/SimpleLit' not found
Refreshing native plugins compatible for Editor in 1.42 ms, found 5 plugins.
Preloading 0 native plugins for Editor in 0.00 ms.
Unloading 3637 Unused Serialized files (Serialized files now loaded: 0)
System memory in use before: 259.8 MB.
System memory in use after: 259.8 MB.

Unloading 32 unused Assets to reduce memory usage. Loaded Objects now: 4354.
Total: 3.522300 ms (FindLiveObjects: 0.336400 ms CreateObjectMapping: 0.095700 ms MarkObjects: 2.916000 ms  DeleteObjects: 0.173100 ms)

AssetImportParameters requested are different than current active one (requested -> active):
  custom:graphics/normal-map-encoding: 01000000000000000000000000000000 -> 02000000000000000000000000000000
========================================================================
Received Import Request.
  Time since last request: 295.286368 seconds.
  path: Assets/Prefabs/Obstacles/Dynamic/Snowball
  artifactKey: Guid(59eb2c2e60aace443973547f0b119227) Importer(815301076,1909f56bfc062723c751e8b465ee728b)
Start importing Assets/Prefabs/Obstacles/Dynamic/Snowball using Guid(59eb2c2e60aace443973547f0b119227) Importer(815301076,1909f56bfc062723c751e8b465ee728b)  -> (artifact id: 'bf85bc5e99a64a0196eed9dc51474f4e') in 0.006904 seconds
  Import took 0.015816 seconds .

========================================================================
Received Import Request.
  Time since last request: 3.451829 seconds.
  path: Assets/Prefabs/Obstacles/Dynamic/Seagul
  artifactKey: Guid(00f3ead553764604eaa0905977e0ab8c) Importer(815301076,1909f56bfc062723c751e8b465ee728b)
Start importing Assets/Prefabs/Obstacles/Dynamic/Seagul using Guid(00f3ead553764604eaa0905977e0ab8c) Importer(815301076,1909f56bfc062723c751e8b465ee728b)  -> (artifact id: '59f7b92c233613c17939738c748067eb') in 0.002092 seconds
  Import took 0.015217 seconds .

========================================================================
Received Import Request.
  Time since last request: 0.063747 seconds.
  path: Assets/Prefabs/Obstacles/Dynamic/Seagul/Seagul Attack.prefab
  artifactKey: Guid(e39e2ea082518354fadbd0481b8fd63a) Importer(815301076,1909f56bfc062723c751e8b465ee728b)
Start importing Assets/Prefabs/Obstacles/Dynamic/Seagul/Seagul Attack.prefab using Guid(e39e2ea082518354fadbd0481b8fd63a) Importer(815301076,1909f56bfc062723c751e8b465ee728b)  -> (artifact id: 'cc221dbfecb7f4e05a3675def630f0f4') in 0.275954 seconds
  Import took 0.282793 seconds .

========================================================================
Received Import Request.
  Time since last request: 10.420941 seconds.
  path: Assets/Prefabs/Obstacles/Dynamic/Snowball/Snowball.prefab
  artifactKey: Guid(2b84d2d0c669fd741b67ab210a54de22) Importer(815301076,1909f56bfc062723c751e8b465ee728b)
Start importing Assets/Prefabs/Obstacles/Dynamic/Snowball/Snowball.prefab using Guid(2b84d2d0c669fd741b67ab210a54de22) Importer(815301076,1909f56bfc062723c751e8b465ee728b)  -> (artifact id: '7945d91478f1abfc8f6e3ba08d3c7620') in 0.690196 seconds
  Import took 0.704060 seconds .

========================================================================
Received Import Request.
  Time since last request: 134.749084 seconds.
  path: Assets/Prefabs/Obstacles/Dynamic/Snowball/Snowball Holder.prefab
  artifactKey: Guid(31e3d42b7fb6d4845ae28379e9f8a804) Importer(815301076,1909f56bfc062723c751e8b465ee728b)
Start importing Assets/Prefabs/Obstacles/Dynamic/Snowball/Snowball Holder.prefab using Guid(31e3d42b7fb6d4845ae28379e9f8a804) Importer(815301076,1909f56bfc062723c751e8b465ee728b)  -> (artifact id: '9edc31accf231a427398ce9b27310152') in 0.114666 seconds
  Import took 0.121695 seconds .

========================================================================
Received Prepare
Registering precompiled user dll's ...
Registered in 0.006526 seconds.
Begin MonoManager ReloadAssembly
Native extension for WindowsStandalone target not found
Refreshing native plugins compatible for Editor in 1.44 ms, found 5 plugins.
Preloading 0 native plugins for Editor in 0.00 ms.
Warning: Annotation not found!
UnityEngine.StackTraceUtility:ExtractStackTrace ()
UnityEditor.ProBuilder.EditorUtility:SetGizmoIconEnabled (System.Type,bool) (at Library/PackageCache/com.unity.probuilder@4.5.0/Editor/EditorCore/EditorUtility.cs:593)
UnityEditor.ProBuilder.HierarchyListener:.cctor () (at Library/PackageCache/com.unity.probuilder@4.5.0/Editor/EditorCore/HierarchyListener.cs:21)
System.Runtime.CompilerServices.RuntimeHelpers:RunClassConstructor (System.RuntimeTypeHandle)
UnityEditor.EditorAssemblies:ProcessInitializeOnLoadAttributes (System.Type[])

[Library/PackageCache/com.unity.probuilder@4.5.0/Editor/EditorCore/EditorUtility.cs line 593]

Mono: successfully reloaded assembly
- Completed reload, in  1.307 seconds
Platform modules already initialized, skipping
Switching build target platform(19) subTarget(0) extendedPlatform(0) -> platform(9) subTarget(16777218) extendedPlatform(0)
Shader 'Universal Render Pipeline/Particles/Lit': fallback shader 'Universal Render Pipeline/Particles/SimpleLit' not found
Refreshing native plugins compatible for Editor in 1.44 ms, found 5 plugins.
Preloading 0 native plugins for Editor in 0.00 ms.
Unloading 3637 Unused Serialized files (Serialized files now loaded: 0)
System memory in use before: 273.7 MB.
System memory in use after: 273.6 MB.

Unloading 32 unused Assets to reduce memory usage. Loaded Objects now: 4395.
Total: 3.741700 ms (FindLiveObjects: 0.353000 ms CreateObjectMapping: 0.102800 ms MarkObjects: 3.098400 ms  DeleteObjects: 0.186300 ms)

AssetImportParameters requested are different than current active one (requested -> active):
  custom:graphics/normal-map-encoding: 01000000000000000000000000000000 -> 02000000000000000000000000000000
========================================================================
Received Prepare
Registering precompiled user dll's ...
Registered in 0.006667 seconds.
Begin MonoManager ReloadAssembly
Native extension for WindowsStandalone target not found
Refreshing native plugins compatible for Editor in 1.42 ms, found 5 plugins.
Preloading 0 native plugins for Editor in 0.00 ms.
Warning: Annotation not found!
UnityEngine.StackTraceUtility:ExtractStackTrace ()
UnityEditor.ProBuilder.EditorUtility:SetGizmoIconEnabled (System.Type,bool) (at Library/PackageCache/com.unity.probuilder@4.5.0/Editor/EditorCore/EditorUtility.cs:593)
UnityEditor.ProBuilder.HierarchyListener:.cctor () (at Library/PackageCache/com.unity.probuilder@4.5.0/Editor/EditorCore/HierarchyListener.cs:21)
System.Runtime.CompilerServices.RuntimeHelpers:RunClassConstructor (System.RuntimeTypeHandle)
UnityEditor.EditorAssemblies:ProcessInitializeOnLoadAttributes (System.Type[])

[Library/PackageCache/com.unity.probuilder@4.5.0/Editor/EditorCore/EditorUtility.cs line 593]

Mono: successfully reloaded assembly
- Completed reload, in  1.311 seconds
Platform modules already initialized, skipping
Switching build target platform(19) subTarget(0) extendedPlatform(0) -> platform(9) subTarget(16777218) extendedPlatform(0)
Shader 'Universal Render Pipeline/Particles/Lit': fallback shader 'Universal Render Pipeline/Particles/SimpleLit' not found
Refreshing native plugins compatible for Editor in 1.42 ms, found 5 plugins.
Preloading 0 native plugins for Editor in 0.00 ms.
Unloading 3637 Unused Serialized files (Serialized files now loaded: 0)
System memory in use before: 273.7 MB.
System memory in use after: 273.6 MB.

Unloading 32 unused Assets to reduce memory usage. Loaded Objects now: 4398.
Total: 3.550300 ms (FindLiveObjects: 0.342100 ms CreateObjectMapping: 0.098500 ms MarkObjects: 2.932300 ms  DeleteObjects: 0.176100 ms)

AssetImportParameters requested are different than current active one (requested -> active):
  custom:graphics/normal-map-encoding: 01000000000000000000000000000000 -> 02000000000000000000000000000000
========================================================================
Received Import Request.
  Time since last request: 312.035109 seconds.
  path: Assets/Scripts/Camera Managment/Shake Types/Seagul Wind Shake.asset
  artifactKey: Guid(e3509b4186c6437419e20f56155fc771) Importer(815301076,1909f56bfc062723c751e8b465ee728b)
Start importing Assets/Scripts/Camera Managment/Shake Types/Seagul Wind Shake.asset using Guid(e3509b4186c6437419e20f56155fc771) Importer(815301076,1909f56bfc062723c751e8b465ee728b)  -> (artifact id: '1eeeaea6e6bcc669978e5a795f13e66e') in 0.016885 seconds
  Import took 0.023654 seconds .

========================================================================
Received Import Request.
  Time since last request: 3.325785 seconds.
  path: Assets/Scripts/Camera Managment/Shake Types/Seagul Wind Shake 1.asset
  artifactKey: Guid(1cf7815c90d540f4d8cce6063f08a477) Importer(815301076,1909f56bfc062723c751e8b465ee728b)
Start importing Assets/Scripts/Camera Managment/Shake Types/Seagul Wind Shake 1.asset using Guid(1cf7815c90d540f4d8cce6063f08a477) Importer(815301076,1909f56bfc062723c751e8b465ee728b)  -> (artifact id: 'b49177ad02815a0142209c0e65e13af7') in 0.002962 seconds
  Import took 0.009307 seconds .

========================================================================
Received Import Request.
  Time since last request: 0.003448 seconds.
  path: Assets/Scripts/Camera Managment/Shake Types/Seagul Wind Shake 1.asset
  artifactKey: Guid(1cf7815c90d540f4d8cce6063f08a477) Importer(815301076,1909f56bfc062723c751e8b465ee728b)
Start importing Assets/Scripts/Camera Managment/Shake Types/Seagul Wind Shake 1.asset using Guid(1cf7815c90d540f4d8cce6063f08a477) Importer(815301076,1909f56bfc062723c751e8b465ee728b)  -> (artifact id: 'b49177ad02815a0142209c0e65e13af7') in 0.002469 seconds
  Import took 0.008334 seconds .

========================================================================
Received Import Request.
  Time since last request: 10.651303 seconds.
  path: Assets/Scripts/Camera Managment/Shake Types/Snowball Rolling Shake.asset
  artifactKey: Guid(1cf7815c90d540f4d8cce6063f08a477) Importer(815301076,1909f56bfc062723c751e8b465ee728b)
Start importing Assets/Scripts/Camera Managment/Shake Types/Snowball Rolling Shake.asset using Guid(1cf7815c90d540f4d8cce6063f08a477) Importer(815301076,1909f56bfc062723c751e8b465ee728b)  -> (artifact id: 'ea22697b3be4fe1bfad09b777272b830') in 0.002498 seconds
  Import took 0.008770 seconds .

========================================================================
Received Import Request.
  Time since last request: 0.004644 seconds.
  path: Assets/Scripts/Camera Managment/Shake Types/Snowball Rolling Shake.asset
  artifactKey: Guid(1cf7815c90d540f4d8cce6063f08a477) Importer(815301076,1909f56bfc062723c751e8b465ee728b)
Start importing Assets/Scripts/Camera Managment/Shake Types/Snowball Rolling Shake.asset using Guid(1cf7815c90d540f4d8cce6063f08a477) Importer(815301076,1909f56bfc062723c751e8b465ee728b)  -> (artifact id: 'ea22697b3be4fe1bfad09b777272b830') in 0.002654 seconds
  Import took 0.008496 seconds .

========================================================================
Received Prepare
Registering precompiled user dll's ...
Registered in 0.006534 seconds.
Begin MonoManager ReloadAssembly
Native extension for WindowsStandalone target not found
Refreshing native plugins compatible for Editor in 1.42 ms, found 5 plugins.
Preloading 0 native plugins for Editor in 0.00 ms.
Warning: Annotation not found!
UnityEngine.StackTraceUtility:ExtractStackTrace ()
UnityEditor.ProBuilder.EditorUtility:SetGizmoIconEnabled (System.Type,bool) (at Library/PackageCache/com.unity.probuilder@4.5.0/Editor/EditorCore/EditorUtility.cs:593)
UnityEditor.ProBuilder.HierarchyListener:.cctor () (at Library/PackageCache/com.unity.probuilder@4.5.0/Editor/EditorCore/HierarchyListener.cs:21)
System.Runtime.CompilerServices.RuntimeHelpers:RunClassConstructor (System.RuntimeTypeHandle)
UnityEditor.EditorAssemblies:ProcessInitializeOnLoadAttributes (System.Type[])

[Library/PackageCache/com.unity.probuilder@4.5.0/Editor/EditorCore/EditorUtility.cs line 593]

Mono: successfully reloaded assembly
- Completed reload, in  1.320 seconds
Platform modules already initialized, skipping
Switching build target platform(19) subTarget(0) extendedPlatform(0) -> platform(9) subTarget(16777218) extendedPlatform(0)
Shader 'Universal Render Pipeline/Particles/Lit': fallback shader 'Universal Render Pipeline/Particles/SimpleLit' not found
Refreshing native plugins compatible for Editor in 1.43 ms, found 5 plugins.
Preloading 0 native plugins for Editor in 0.00 ms.
Unloading 3637 Unused Serialized files (Serialized files now loaded: 0)
System memory in use before: 273.7 MB.
System memory in use after: 273.7 MB.

Unloading 32 unused Assets to reduce memory usage. Loaded Objects now: 4401.
Total: 3.796500 ms (FindLiveObjects: 0.356200 ms CreateObjectMapping: 0.098900 ms MarkObjects: 3.151700 ms  DeleteObjects: 0.188700 ms)

AssetImportParameters requested are different than current active one (requested -> active):
  custom:graphics/normal-map-encoding: 01000000000000000000000000000000 -> 02000000000000000000000000000000
========================================================================
Received Import Request.
  Time since last request: 678.659351 seconds.
  path: Assets/Scripts/Camera Managment/Shake Types/Snowball Rolling Shake.asset
  artifactKey: Guid(1cf7815c90d540f4d8cce6063f08a477) Importer(815301076,1909f56bfc062723c751e8b465ee728b)
Start importing Assets/Scripts/Camera Managment/Shake Types/Snowball Rolling Shake.asset using Guid(1cf7815c90d540f4d8cce6063f08a477) Importer(815301076,1909f56bfc062723c751e8b465ee728b)  -> (artifact id: 'c962f78091d9bc92d11087e71da55d61') in 0.008376 seconds
  Import took 0.015251 seconds .

========================================================================
Received Import Request.
  Time since last request: 16.632701 seconds.
  path: Assets/Prefabs/Obstacles/Dynamic/Snowball/Snowball Rolling.prefab
  artifactKey: Guid(f5ef3d81999cc15429ba30df2451e9ca) Importer(815301076,1909f56bfc062723c751e8b465ee728b)
Start importing Assets/Prefabs/Obstacles/Dynamic/Snowball/Snowball Rolling.prefab using Guid(f5ef3d81999cc15429ba30df2451e9ca) Importer(815301076,1909f56bfc062723c751e8b465ee728b)  -> (artifact id: 'f946bcbd0d95418de467b9109ac675d9') in 0.619248 seconds
  Import took 0.627255 seconds .

========================================================================
Received Prepare
Registering precompiled user dll's ...
Registered in 0.007279 seconds.
Begin MonoManager ReloadAssembly
Native extension for WindowsStandalone target not found
Refreshing native plugins compatible for Editor in 1.48 ms, found 5 plugins.
Preloading 0 native plugins for Editor in 0.00 ms.
Warning: Annotation not found!
UnityEngine.StackTraceUtility:ExtractStackTrace ()
UnityEditor.ProBuilder.EditorUtility:SetGizmoIconEnabled (System.Type,bool) (at Library/PackageCache/com.unity.probuilder@4.5.0/Editor/EditorCore/EditorUtility.cs:593)
UnityEditor.ProBuilder.HierarchyListener:.cctor () (at Library/PackageCache/com.unity.probuilder@4.5.0/Editor/EditorCore/HierarchyListener.cs:21)
System.Runtime.CompilerServices.RuntimeHelpers:RunClassConstructor (System.RuntimeTypeHandle)
UnityEditor.EditorAssemblies:ProcessInitializeOnLoadAttributes (System.Type[])

[Library/PackageCache/com.unity.probuilder@4.5.0/Editor/EditorCore/EditorUtility.cs line 593]

Mono: successfully reloaded assembly
- Completed reload, in  1.302 seconds
Platform modules already initialized, skipping
Switching build target platform(19) subTarget(0) extendedPlatform(0) -> platform(9) subTarget(16777218) extendedPlatform(0)
Shader 'Universal Render Pipeline/Particles/Lit': fallback shader 'Universal Render Pipeline/Particles/SimpleLit' not found
Refreshing native plugins compatible for Editor in 1.40 ms, found 5 plugins.
Preloading 0 native plugins for Editor in 0.00 ms.
Unloading 3637 Unused Serialized files (Serialized files now loaded: 0)
System memory in use before: 273.9 MB.
System memory in use after: 273.9 MB.

Unloading 32 unused Assets to reduce memory usage. Loaded Objects now: 4440.
Total: 3.569000 ms (FindLiveObjects: 0.342000 ms CreateObjectMapping: 0.097400 ms MarkObjects: 2.944100 ms  DeleteObjects: 0.184300 ms)

AssetImportParameters requested are different than current active one (requested -> active):
  custom:graphics/normal-map-encoding: 01000000000000000000000000000000 -> 02000000000000000000000000000000
========================================================================
Received Prepare
Registering precompiled user dll's ...
Registered in 0.007620 seconds.
Begin MonoManager ReloadAssembly
Native extension for WindowsStandalone target not found
Refreshing native plugins compatible for Editor in 1.42 ms, found 5 plugins.
Preloading 0 native plugins for Editor in 0.00 ms.
Warning: Annotation not found!
UnityEngine.StackTraceUtility:ExtractStackTrace ()
UnityEditor.ProBuilder.EditorUtility:SetGizmoIconEnabled (System.Type,bool) (at Library/PackageCache/com.unity.probuilder@4.5.0/Editor/EditorCore/EditorUtility.cs:593)
UnityEditor.ProBuilder.HierarchyListener:.cctor () (at Library/PackageCache/com.unity.probuilder@4.5.0/Editor/EditorCore/HierarchyListener.cs:21)
System.Runtime.CompilerServices.RuntimeHelpers:RunClassConstructor (System.RuntimeTypeHandle)
UnityEditor.EditorAssemblies:ProcessInitializeOnLoadAttributes (System.Type[])

[Library/PackageCache/com.unity.probuilder@4.5.0/Editor/EditorCore/EditorUtility.cs line 593]

Mono: successfully reloaded assembly
- Completed reload, in  1.340 seconds
Platform modules already initialized, skipping
Switching build target platform(19) subTarget(0) extendedPlatform(0) -> platform(9) subTarget(16777218) extendedPlatform(0)
Shader 'Universal Render Pipeline/Particles/Lit': fallback shader 'Universal Render Pipeline/Particles/SimpleLit' not found
Refreshing native plugins compatible for Editor in 1.41 ms, found 5 plugins.
Preloading 0 native plugins for Editor in 0.00 ms.
Unloading 3637 Unused Serialized files (Serialized files now loaded: 0)
System memory in use before: 273.9 MB.
System memory in use after: 273.9 MB.

Unloading 32 unused Assets to reduce memory usage. Loaded Objects now: 4443.
Total: 3.659200 ms (FindLiveObjects: 0.348300 ms CreateObjectMapping: 0.100000 ms MarkObjects: 3.024900 ms  DeleteObjects: 0.184700 ms)

AssetImportParameters requested are different than current active one (requested -> active):
  custom:graphics/normal-map-encoding: 01000000000000000000000000000000 -> 02000000000000000000000000000000
AssetImportWorkerClient::OnTransportError - code=2 error=End of file
